2023-03-18 23:04:27 [CLIENT] [INFO] Setting user: Administrator
2023-03-18 23:04:27 [CLIENT] [WARNING] Skipping bad option: key_key.attack:key.mouse.left
2023-03-18 23:04:27 [CLIENT] [WARNING] Skipping bad option: key_key.use:key.mouse.right
2023-03-18 23:04:27 [CLIENT] [WARNING] Skipping bad option: key_key.forward:key.keyboard.w
2023-03-18 23:04:27 [CLIENT] [WARNING] Skipping bad option: key_key.left:key.keyboard.a
2023-03-18 23:04:27 [CLIENT] [WARNING] Skipping bad option: key_key.back:key.keyboard.s
2023-03-18 23:04:27 [CLIENT] [WARNING] Skipping bad option: key_key.right:key.keyboard.d
2023-03-18 23:04:27 [CLIENT] [WARNING] Skipping bad option: key_key.jump:key.keyboard.space
2023-03-18 23:04:27 [CLIENT] [WARNING] Skipping bad option: key_key.sneak:key.keyboard.left.shift
2023-03-18 23:04:27 [CLIENT] [WARNING] Skipping bad option: key_key.drop:key.keyboard.q
2023-03-18 23:04:27 [CLIENT] [WARNING] Skipping bad option: key_key.inventory:key.keyboard.e
2023-03-18 23:04:27 [CLIENT] [WARNING] Skipping bad option: key_key.chat:key.keyboard.t
2023-03-18 23:04:27 [CLIENT] [WARNING] Skipping bad option: key_key.playerlist:key.keyboard.tab
2023-03-18 23:04:27 [CLIENT] [WARNING] Skipping bad option: key_key.pickItem:key.mouse.middle
2023-03-18 23:04:27 [CLIENT] [WARNING] Skipping bad option: key_key.command:key.keyboard.slash
2023-03-18 23:04:28 [CLIENT] [INFO] LWJGL Version: 2.4.2
2023-03-18 23:04:29 [CLIENT] [WARNING] Skipping bad option: key_key.attack:key.mouse.left
2023-03-18 23:04:29 [CLIENT] [WARNING] Skipping bad option: key_key.use:key.mouse.right
2023-03-18 23:04:29 [CLIENT] [WARNING] Skipping bad option: key_key.forward:key.keyboard.w
2023-03-18 23:04:29 [CLIENT] [WARNING] Skipping bad option: key_key.left:key.keyboard.a
2023-03-18 23:04:29 [CLIENT] [WARNING] Skipping bad option: key_key.back:key.keyboard.s
2023-03-18 23:04:29 [CLIENT] [WARNING] Skipping bad option: key_key.right:key.keyboard.d
2023-03-18 23:04:29 [CLIENT] [WARNING] Skipping bad option: key_key.jump:key.keyboard.space
2023-03-18 23:04:29 [CLIENT] [WARNING] Skipping bad option: key_key.sneak:key.keyboard.left.shift
2023-03-18 23:04:29 [CLIENT] [WARNING] Skipping bad option: key_key.drop:key.keyboard.q
2023-03-18 23:04:29 [CLIENT] [WARNING] Skipping bad option: key_key.inventory:key.keyboard.e
2023-03-18 23:04:29 [CLIENT] [WARNING] Skipping bad option: key_key.chat:key.keyboard.t
2023-03-18 23:04:29 [CLIENT] [WARNING] Skipping bad option: key_key.playerlist:key.keyboard.tab
2023-03-18 23:04:29 [CLIENT] [WARNING] Skipping bad option: key_key.pickItem:key.mouse.middle
2023-03-18 23:04:29 [CLIENT] [WARNING] Skipping bad option: key_key.command:key.keyboard.slash
2023-03-18 23:04:33 [CLIENT] [INFO] Found animation info for: textures/blocks/lava_flow.txt
2023-03-18 23:04:33 [CLIENT] [INFO] Found animation info for: textures/blocks/water_flow.txt
2023-03-18 23:04:33 [CLIENT] [INFO] Found animation info for: textures/blocks/fire_0.txt
2023-03-18 23:04:33 [CLIENT] [INFO] Found animation info for: textures/blocks/fire_1.txt
2023-03-18 23:04:33 [CLIENT] [INFO] Found animation info for: textures/blocks/lava.txt
2023-03-18 23:04:33 [CLIENT] [INFO] Found animation info for: textures/blocks/portal.txt
2023-03-18 23:04:33 [CLIENT] [INFO] Found animation info for: textures/blocks/water.txt
2023-03-18 23:04:34 [CLIENT] [INFO] Found animation info for: textures/items/clock.txt
2023-03-18 23:04:34 [CLIENT] [INFO] Found animation info for: textures/items/compass.txt
2023-03-18 23:05:51 [CLIENT] [INFO] Setting user: Administrator
2023-03-18 23:05:51 [CLIENT] [INFO] LWJGL Version: 2.4.2
2023-03-18 23:05:53 [CLIENT] [INFO] Found animation info for: textures/blocks/lava_flow.txt
2023-03-18 23:05:53 [CLIENT] [INFO] Found animation info for: textures/blocks/water_flow.txt
2023-03-18 23:05:53 [CLIENT] [INFO] Found animation info for: textures/blocks/fire_0.txt
2023-03-18 23:05:53 [CLIENT] [INFO] Found animation info for: textures/blocks/fire_1.txt
2023-03-18 23:05:53 [CLIENT] [INFO] Found animation info for: textures/blocks/lava.txt
2023-03-18 23:05:53 [CLIENT] [INFO] Found animation info for: textures/blocks/portal.txt
2023-03-18 23:05:53 [CLIENT] [INFO] Found animation info for: textures/blocks/water.txt
2023-03-18 23:05:54 [CLIENT] [INFO] Found animation info for: textures/items/clock.txt
2023-03-18 23:05:54 [CLIENT] [INFO] Found animation info for: textures/items/compass.txt
2023-03-18 23:09:59 [CLIENT] [WARNING] Memory connection overburdened; after processing 2500 packets, we still have 1241 to go!
2023-03-18 23:10:00 [CLIENT] [WARNING] Memory connection overburdened; after processing 2500 packets, we still have 1617 to go!
2023-03-18 23:10:00 [CLIENT] [WARNING] Memory connection overburdened; after processing 2500 packets, we still have 571 to go!
2023-03-18 23:10:41 [CLIENT] [INFO] [CHAT] §cYou do not have permission to use this command.
2023-03-18 23:22:02 [CLIENT] [INFO] Setting user: Administrator
2023-03-18 23:22:02 [CLIENT] [INFO] LWJGL Version: 2.4.2
2023-03-18 23:22:03 [CLIENT] [INFO] Found animation info for: textures/blocks/lava_flow.txt
2023-03-18 23:22:03 [CLIENT] [INFO] Found animation info for: textures/blocks/water_flow.txt
2023-03-18 23:22:03 [CLIENT] [INFO] Found animation info for: textures/blocks/fire_0.txt
2023-03-18 23:22:03 [CLIENT] [INFO] Found animation info for: textures/blocks/fire_1.txt
2023-03-18 23:22:03 [CLIENT] [INFO] Found animation info for: textures/blocks/lava.txt
2023-03-18 23:22:03 [CLIENT] [INFO] Found animation info for: textures/blocks/portal.txt
2023-03-18 23:22:03 [CLIENT] [INFO] Found animation info for: textures/blocks/water.txt
2023-03-18 23:22:04 [CLIENT] [INFO] Found animation info for: textures/items/clock.txt
2023-03-18 23:22:04 [CLIENT] [INFO] Found animation info for: textures/items/compass.txt
2023-03-19 02:19:35 [CLIENT] [INFO] Setting user: Administrator
2023-03-19 02:19:36 [CLIENT] [INFO] LWJGL Version: 2.4.2
2023-03-19 02:19:39 [CLIENT] [INFO] Found animation info for: textures/blocks/lava_flow.txt
2023-03-19 02:19:39 [CLIENT] [INFO] Found animation info for: textures/blocks/water_flow.txt
2023-03-19 02:19:39 [CLIENT] [INFO] Found animation info for: textures/blocks/fire_0.txt
2023-03-19 02:19:39 [CLIENT] [INFO] Found animation info for: textures/blocks/fire_1.txt
2023-03-19 02:19:39 [CLIENT] [INFO] Found animation info for: textures/blocks/lava.txt
2023-03-19 02:19:39 [CLIENT] [INFO] Found animation info for: textures/blocks/portal.txt
2023-03-19 02:19:39 [CLIENT] [INFO] Found animation info for: textures/blocks/water.txt
2023-03-19 02:19:40 [CLIENT] [INFO] Found animation info for: textures/items/clock.txt
2023-03-19 02:19:40 [CLIENT] [INFO] Found animation info for: textures/items/compass.txt
2023-03-19 02:37:22 [CLIENT] [INFO] [CHAT] <Administrator> err422
2023-03-19 02:37:41 [CLIENT] [INFO] [CHAT] <Administrator> Hello
2023-03-19 02:37:53 [CLIENT] [INFO] [CHAT] <Administrator> Anyone
2023-03-19 02:40:21 [CLIENT] [INFO] Setting user: Administrator
2023-03-19 02:40:21 [CLIENT] [INFO] LWJGL Version: 2.4.2
2023-03-19 02:40:24 [CLIENT] [INFO] Found animation info for: textures/blocks/lava_flow.txt
2023-03-19 02:40:24 [CLIENT] [INFO] Found animation info for: textures/blocks/water_flow.txt
2023-03-19 02:40:24 [CLIENT] [INFO] Found animation info for: textures/blocks/fire_0.txt
2023-03-19 02:40:24 [CLIENT] [INFO] Found animation info for: textures/blocks/fire_1.txt
2023-03-19 02:40:24 [CLIENT] [INFO] Found animation info for: textures/blocks/lava.txt
2023-03-19 02:40:24 [CLIENT] [INFO] Found animation info for: textures/blocks/portal.txt
2023-03-19 02:40:24 [CLIENT] [INFO] Found animation info for: textures/blocks/water.txt
2023-03-19 02:40:25 [CLIENT] [INFO] Found animation info for: textures/items/clock.txt
2023-03-19 02:40:25 [CLIENT] [INFO] Found animation info for: textures/items/compass.txt
2023-03-19 02:45:34 [CLIENT] [INFO] [CHAT] <Administrator> LETS GO
2023-03-19 02:54:04 [CLIENT] [INFO] [CHAT] Administrator withered away
